C51 COMPILER V9.60.0.0   PART2_1                                                           09/28/2020 00:08:26 PAGE 1   


C51 COMPILER V9.60.0.0, COMPILATION OF MODULE PART2_1
OBJECT MODULE PLACED IN .\Objects\part2_1.obj
COMPILER INVOKED BY: D:\Program Files\Keil_v5\C51\BIN\C51.EXE part2_1.c OPTIMIZE(8,SPEED) BROWSE DEBUG OBJECTEXTEND PRIN
                    -T(.\Listings\part2_1.lst) TABS(2) OBJECT(.\Objects\part2_1.obj)

line level    source

   1          #include <reg52.h>
   2          
   3          sbit led1 = P1^0; 
   4          
   5          void main(){
   6   1        led1 = 0;
   7   1      }


MODULE INFORMATION:   STATIC OVERLAYABLE
   CODE SIZE        =      3    ----
   CONSTANT SIZE    =   ----    ----
   XDATA SIZE       =   ----    ----
   PDATA SIZE       =   ----    ----
   DATA SIZE        =   ----    ----
   IDATA SIZE       =   ----    ----
   BIT SIZE         =   ----    ----
END OF MODULE INFORMATION.


C51 COMPILATION COMPLETE.  0 WARNING(S),  0 ERROR(S)
